<?xml version="1.0" encoding="UTF-8" ?>
<testsuites>
 <testsuite name="Protractor searching" timestamp="2019-02-22T15:38:48" hostname="localhost" time="1.971" errors="0" tests="1" skipped="0" failures="0">
  <testcase classname="Protractor searching" name="should calculate the sum of two numbers" time="1.968">
  </testcase>
 </testsuite>
 <testsuite name="browserName" timestamp="2019-02-22T15:38:50" hostname="localhost" time="0.002" errors="0" tests="1" skipped="0" failures="0">
  <testcase classname="browserName" name="can open URLs" time="0.001">
  </testcase>
 </testsuite>
</testsuites>