<?xml version="1.0" encoding="UTF-8" ?>
<testsuites>
 <testsuite name="browserName" timestamp="2019-02-21T13:24:58" hostname="localhost" time="1.96" errors="0" tests="1" skipped="0" failures="0">
  <testcase classname="browserName" name="can open URLs" time="1.955">
  </testcase>
 </testsuite>
</testsuites>