<?xml version="1.0" encoding="UTF-8" ?>
<testsuites>
 <testsuite name="Movie details" timestamp="2019-03-26T13:18:53" hostname="localhost" time="2.283" errors="0" tests="3" skipped="0" failures="0">
  <testcase classname="Movie details" name="should have movie name as header" time="0">
  </testcase>
  <testcase classname="Movie details" name="should have rating" time="0.001">
  </testcase>
  <testcase classname="Movie details" name="should have similar movie block with at least one movie" time="0">
  </testcase>
 </testsuite>
 <testsuite name="Movie details.reviews block" timestamp="2019-03-26T13:18:53" hostname="localhost" time="2.272" errors="0" tests="2" skipped="0" failures="0">
  <testcase classname="Movie details.reviews block" name="should have reviewer name as link to source" time="2.269">
  </testcase>
  <testcase classname="Movie details.reviews block" name="should be at least one review" time="0.001">
  </testcase>
 </testsuite>
 <testsuite name="Movie details.cast block" timestamp="2019-03-26T13:18:55" hostname="localhost" time="0.002" errors="0" tests="1" skipped="0" failures="0">
  <testcase classname="Movie details.cast block" name="should show at least one actor" time="0">
  </testcase>
 </testsuite>
 <testsuite name="Movie details.Popular series" timestamp="2019-03-26T13:18:55" hostname="localhost" time="0.004" errors="0" tests="2" skipped="0" failures="0">
  <testcase classname="Movie details.Popular series" name="should not have search bar" time="0">
  </testcase>
  <testcase classname="Movie details.Popular series" name="should have &amp;quot;First Air Date&amp;quot; instead &amp;quot;Release Date&amp;quot;" time="0.002">
  </testcase>
 </testsuite>
 <testsuite name="Expect" timestamp="2019-03-26T13:18:55" hostname="localhost" time="0.001" errors="0" tests="1" skipped="0" failures="0">
  <testcase classname="Expect" name="should assert something" time="0">
  </testcase>
 </testsuite>
 <testsuite name="browserName" timestamp="2019-03-26T13:18:55" hostname="localhost" time="0.001" errors="0" tests="1" skipped="0" failures="0">
  <testcase classname="browserName" name="can open URLs" time="0.001">
  </testcase>
 </testsuite>
 <testsuite name="browserName" timestamp="2019-03-26T13:18:55" hostname="localhost" time="0.005" errors="0" tests="4" skipped="0" failures="0">
  <testcase classname="browserName" name="can open URLs" time="0.001">
  </testcase>
  <testcase classname="browserName" name="Should return elements by css" time="0">
  </testcase>
  <testcase classname="browserName" name="can fork new driver instance" time="0">
  </testcase>
  <testcase classname="browserName" name="can switch to iframe" time="0.002">
  </testcase>
 </testsuite>
 <testsuite name="Element finder" timestamp="2019-03-26T13:18:55" hostname="localhost" time="0.004" errors="0" tests="7" skipped="0" failures="0">
  <testcase classname="Element finder" name="can be clicked" time="0">
  </testcase>
  <testcase classname="Element finder" name="can be checked for display" time="0">
  </testcase>
  <testcase classname="Element finder" name="can be checked for presence" time="0">
  </testcase>
  <testcase classname="Element finder" name="can send keys into it" time="0">
  </testcase>
  <testcase classname="Element finder" name="can work with ElementArrayFinder" time="0.001">
  </testcase>
  <testcase classname="Element finder" name="can work with ElementArrayFinder" time="0">
  </testcase>
  <testcase classname="Element finder" name="can work with ElementArrayFinder" time="0">
  </testcase>
 </testsuite>
 <testsuite name="Movie card" timestamp="2019-03-26T13:18:55" hostname="localhost" time="0.03" errors="0" tests="3" skipped="0" failures="0">
  <testcase classname="Movie card" name="should have name" time="0.015">
  </testcase>
  <testcase classname="Movie card" name="should have &amp;quot;rating&amp;quot; pointer" time="0.001">
  </testcase>
  <testcase classname="Movie card" name="should open appropriate &amp;quot;movie details&amp;quot; page, after click on &amp;quot;name&amp;quot; field" time="0.001">
  </testcase>
 </testsuite>
 <testsuite name="Waits" timestamp="2019-03-26T13:18:55" hostname="localhost" time="0.005" errors="0" tests="6" skipped="0" failures="0">
  <testcase classname="Waits" name="implicit wait should wait for element to be present" time="0">
  </testcase>
  <testcase classname="Waits" name="explicit wait should wait for element to be present" time="0.001">
  </testcase>
  <testcase classname="Waits" name="explicit wait should wait for element to be didplayed" time="0">
  </testcase>
  <testcase classname="Waits" name="explicit wait should wait for element to be didplayed" time="0">
  </testcase>
  <testcase classname="Waits" name="explicit wait should wait for element to be didplayed" time="0.001">
  </testcase>
  <testcase classname="Waits" name="explicit wait should iteract with implicit wait very strange" time="0">
  </testcase>
 </testsuite>
</testsuites>