<?xml version="1.0" encoding="UTF-8" ?>
<testsuites>
 <testsuite name="Waits" timestamp="2019-03-27T14:17:51" hostname="localhost" time="6.964" errors="0" tests="6" skipped="0" failures="0">
  <testcase classname="Waits" name="explicit wait should wait for element to be didplayed" time="6.958">
  </testcase>
  <testcase classname="Waits" name="implicit wait should wait for element to be present" time="0.001">
  </testcase>
  <testcase classname="Waits" name="explicit wait should wait for element to be present" time="0">
  </testcase>
  <testcase classname="Waits" name="explicit wait should wait for element to be didplayed" time="0">
  </testcase>
  <testcase classname="Waits" name="explicit wait should wait for element to be didplayed" time="0">
  </testcase>
  <testcase classname="Waits" name="explicit wait should iteract with implicit wait very strange" time="0">
  </testcase>
 </testsuite>
 <testsuite name="Movie card" timestamp="2019-03-27T14:17:58" hostname="localhost" time="2.48" errors="0" tests="3" skipped="0" failures="0">
  <testcase classname="Movie card" name="should have name" time="2.475">
  </testcase>
  <testcase classname="Movie card" name="should have &amp;quot;rating&amp;quot; pointer" time="0">
  </testcase>
  <testcase classname="Movie card" name="should open appropriate &amp;quot;movie details&amp;quot; page, after click on &amp;quot;name&amp;quot; field" time="0.003">
  </testcase>
 </testsuite>
 <testsuite name="Movie details" timestamp="2019-03-27T14:18:00" hostname="localhost" time="0.847" errors="0" tests="3" skipped="0" failures="0">
  <testcase classname="Movie details" name="should have movie name as header" time="0.001">
  </testcase>
  <testcase classname="Movie details" name="should have rating" time="0">
  </testcase>
  <testcase classname="Movie details" name="should have similar movie block with at least one movie" time="0">
  </testcase>
 </testsuite>
 <testsuite name="Movie details.reviews block" timestamp="2019-03-27T14:18:00" hostname="localhost" time="0.843" errors="0" tests="2" skipped="0" failures="0">
  <testcase classname="Movie details.reviews block" name="should be at least one review" time="0.842">
  </testcase>
  <testcase classname="Movie details.reviews block" name="should have reviewer name as link to source" time="0">
  </testcase>
 </testsuite>
 <testsuite name="Movie details.cast block" timestamp="2019-03-27T14:18:01" hostname="localhost" time="0.001" errors="0" tests="1" skipped="0" failures="0">
  <testcase classname="Movie details.cast block" name="should show at least one actor" time="0">
  </testcase>
 </testsuite>
 <testsuite name="Movie details.Popular series" timestamp="2019-03-27T14:18:01" hostname="localhost" time="0.002" errors="0" tests="2" skipped="0" failures="0">
  <testcase classname="Movie details.Popular series" name="should not have search bar" time="0.001">
  </testcase>
  <testcase classname="Movie details.Popular series" name="should have &amp;quot;First Air Date&amp;quot; instead &amp;quot;Release Date&amp;quot;" time="0.001">
  </testcase>
 </testsuite>
</testsuites>