<?xml version="1.0" encoding="UTF-8" ?>
<testsuites>
 <testsuite name="Movie card" timestamp="2019-03-12T13:38:01" hostname="localhost" time="4.925" errors="0" tests="3" skipped="0" failures="0">
  <testcase classname="Movie card" name="should have name" time="2.192">
  </testcase>
  <testcase classname="Movie card" name="should have &amp;quot;rating&amp;quot; pointer" time="1.38">
  </testcase>
  <testcase classname="Movie card" name="should open appropriate &amp;quot;movie details&amp;quot; page, after click on &amp;quot;name&amp;quot; field" time="1.329">
  </testcase>
 </testsuite>
 <testsuite name="Expect" timestamp="2019-03-12T13:38:06" hostname="localhost" time="0.001" errors="0" tests="1" skipped="0" failures="0">
  <testcase classname="Expect" name="should assert something" time="0">
  </testcase>
 </testsuite>
 <testsuite name="browserName" timestamp="2019-03-12T13:38:06" hostname="localhost" time="0.001" errors="0" tests="1" skipped="0" failures="0">
  <testcase classname="browserName" name="can open URLs" time="0.001">
  </testcase>
 </testsuite>
 <testsuite name="browserName" timestamp="2019-03-12T13:38:06" hostname="localhost" time="0.004" errors="0" tests="3" skipped="0" failures="0">
  <testcase classname="browserName" name="can open URLs" time="0">
  </testcase>
  <testcase classname="browserName" name="can fork new driver instance" time="0.003">
  </testcase>
  <testcase classname="browserName" name="can switch to iframe" time="0">
  </testcase>
 </testsuite>
 <testsuite name="Element finder" timestamp="2019-03-12T13:38:06" hostname="localhost" time="0.006" errors="0" tests="7" skipped="0" failures="0">
  <testcase classname="Element finder" name="can be clicked" time="0">
  </testcase>
  <testcase classname="Element finder" name="can be checked for display" time="0">
  </testcase>
  <testcase classname="Element finder" name="can be checked for presence" time="0">
  </testcase>
  <testcase classname="Element finder" name="can send keys into it" time="0">
  </testcase>
  <testcase classname="Element finder" name="can work with ElementArrayFinder" time="0">
  </testcase>
  <testcase classname="Element finder" name="can work with ElementArrayFinder" time="0.001">
  </testcase>
  <testcase classname="Element finder" name="can work with ElementArrayFinder" time="0">
  </testcase>
 </testsuite>
</testsuites>